# JRE version: Java(TM) SE Runtime Environment (8.0_131-b11) (build 1.8.0_131-b11)
# Java VM: Java HotSpot(TM) 64-Bit Server VM (25.131-b11 mixed mode windows-amd64 compressed oops)
Heap:
 PSYoungGen      total 263680K, used 14815K [0x00000000d6300000, 0x00000000eae80000, 0x0000000100000000)
  eden space 246272K, 6% used [0x00000000d6300000,0x00000000d7177ed8,0x00000000e5380000)
  from space 17408K, 0% used [0x00000000e5380000,0x00000000e5380000,0x00000000e6480000)
  to   space 19968K, 0% used [0x00000000e9b00000,0x00000000e9b00000,0x00000000eae80000)
 ParOldGen       total 81408K, used 29084K [0x0000000082800000, 0x0000000087780000, 0x00000000d6300000)
  object space 81408K, 35% used [0x0000000082800000,0x0000000084467350,0x0000000087780000)
 Metaspace       used 55723K, capacity 59541K, committed 59776K, reserved 1101824K
  class space    used 7543K, capacity 8300K, committed 8320K, reserved 1048576K
GC Heap History (10 events):
Event: 8.179 GC heap before
{Heap before GC invocations=10 (full 2):
 PSYoungGen      total 205312K, used 9719K [0x00000000d6300000, 0x00000000e4e00000, 0x0000000100000000)
  eden space 195584K, 0% used [0x00000000d6300000,0x00000000d6300000,0x00000000e2200000)
  from space 9728K, 99% used [0x00000000e2e00000,0x00000000e377dc18,0x00000000e3780000)
  to   space 12288K, 0% used [0x00000000e2200000,0x00000000e2200000,0x00000000e2e00000)
 ParOldGen       total 49664K, used 10143K [0x0000000082800000, 0x0000000085880000, 0x00000000d6300000)
  object space 49664K, 20% used [0x0000000082800000,0x00000000831e7c88,0x0000000085880000)
 Metaspace       used 33299K, capacity 35315K, committed 35456K, reserved 1079296K
  class space    used 4428K, capacity 4872K, committed 4992K, reserved 1048576K
Event: 8.310 GC heap after
Heap after GC invocations=10 (full 2):
 PSYoungGen      total 205312K, used 0K [0x00000000d6300000, 0x00000000e4e00000, 0x0000000100000000)
  eden space 195584K, 0% used [0x00000000d6300000,0x00000000d6300000,0x00000000e2200000)
  from space 9728K, 0% used [0x00000000e2e00000,0x00000000e2e00000,0x00000000e3780000)
  to   space 12288K, 0% used [0x00000000e2200000,0x00000000e2200000,0x00000000e2e00000)
 ParOldGen       total 81408K, used 17395K [0x0000000082800000, 0x0000000087780000, 0x00000000d6300000)
  object space 81408K, 21% used [0x0000000082800000,0x00000000838fcde8,0x0000000087780000)
 Metaspace       used 33299K, capacity 35315K, committed 35456K, reserved 1079296K
  class space    used 4428K, capacity 4872K, committed 4992K, reserved 1048576K
}
Event: 10.358 GC heap before
{Heap before GC invocations=11 (full 2):
 PSYoungGen      total 205312K, used 195584K [0x00000000d6300000, 0x00000000e4e00000, 0x0000000100000000)
  eden space 195584K, 100% used [0x00000000d6300000,0x00000000e2200000,0x00000000e2200000)
  from space 9728K, 0% used [0x00000000e2e00000,0x00000000e2e00000,0x00000000e3780000)
  to   space 12288K, 0% used [0x00000000e2200000,0x00000000e2200000,0x00000000e2e00000)
 ParOldGen       total 81408K, used 17395K [0x0000000082800000, 0x0000000087780000, 0x00000000d6300000)
  object space 81408K, 21% used [0x0000000082800000,0x00000000838fcde8,0x0000000087780000)
 Metaspace       used 42036K, capacity 44699K, committed 44928K, reserved 1087488K
  class space    used 5650K, capacity 6194K, committed 6272K, reserved 1048576K
Event: 10.399 GC heap after
Heap after GC invocations=11 (full 2):
 PSYoungGen      total 207872K, used 11445K [0x00000000d6300000, 0x00000000e7300000, 0x0000000100000000)
  eden space 195584K, 0% used [0x00000000d6300000,0x00000000d6300000,0x00000000e2200000)
  from space 12288K, 93% used [0x00000000e2200000,0x00000000e2d2d460,0x00000000e2e00000)
  to   space 13312K, 0% used [0x00000000e6600000,0x00000000e6600000,0x00000000e7300000)
 ParOldGen       total 81408K, used 17403K [0x0000000082800000, 0x0000000087780000, 0x00000000d6300000)
  object space 81408K, 21% used [0x0000000082800000,0x00000000838fede8,0x0000000087780000)
 Metaspace       used 42036K, capacity 44699K, committed 44928K, reserved 1087488K
  class space    used 5650K, capacity 6194K, committed 6272K, reserved 1048576K
}
Event: 14.051 GC heap before
{Heap before GC invocations=12 (full 2):
 PSYoungGen      total 207872K, used 207029K [0x00000000d6300000, 0x00000000e7300000, 0x0000000100000000)
  eden space 195584K, 100% used [0x00000000d6300000,0x00000000e2200000,0x00000000e2200000)
  from space 12288K, 93% used [0x00000000e2200000,0x00000000e2d2d460,0x00000000e2e00000)
  to   space 13312K, 0% used [0x00000000e6600000,0x00000000e6600000,0x00000000e7300000)
 ParOldGen       total 81408K, used 17403K [0x0000000082800000, 0x0000000087780000, 0x00000000d6300000)
  object space 81408K, 21% used [0x0000000082800000,0x00000000838fede8,0x0000000087780000)
 Metaspace       used 50756K, capacity 54177K, committed 54272K, reserved 1095680K
  class space    used 6914K, capacity 7620K, committed 7680K, reserved 1048576K
Event: 14.073 GC heap after
Heap after GC invocations=12 (full 2):
 PSYoungGen      total 259584K, used 13306K [0x00000000d6300000, 0x00000000e7580000, 0x0000000100000000)
  eden space 246272K, 0% used [0x00000000d6300000,0x00000000d6300000,0x00000000e5380000)
  from space 13312K, 99% used [0x00000000e6600000,0x00000000e72fea40,0x00000000e7300000)
  to   space 17408K, 0% used [0x00000000e5380000,0x00000000e5380000,0x00000000e6480000)
 ParOldGen       total 81408K, used 24263K [0x0000000082800000, 0x0000000087780000, 0x00000000d6300000)
  object space 81408K, 29% used [0x0000000082800000,0x0000000083fb1d70,0x0000000087780000)
 Metaspace       used 50756K, capacity 54177K, committed 54272K, reserved 1095680K
  class space    used 6914K, capacity 7620K, committed 7680K, reserved 1048576K
}
Event: 76.644 GC heap before
{Heap before GC invocations=13 (full 2):
 PSYoungGen      total 259584K, used 113752K [0x00000000d6300000, 0x00000000e7580000, 0x0000000100000000)
  eden space 246272K, 40% used [0x00000000d6300000,0x00000000dc5177a0,0x00000000e5380000)
  from space 13312K, 99% used [0x00000000e6600000,0x00000000e72fea40,0x00000000e7300000)
  to   space 17408K, 0% used [0x00000000e5380000,0x00000000e5380000,0x00000000e6480000)
 ParOldGen       total 81408K, used 24263K [0x0000000082800000, 0x0000000087780000, 0x00000000d6300000)
  object space 81408K, 29% used [0x0000000082800000,0x0000000083fb1d70,0x0000000087780000)
 Metaspace       used 55354K, capacity 59041K, committed 59096K, reserved 1099776K
  class space    used 7452K, capacity 8188K, committed 8192K, reserved 1048576K
Event: 76.663 GC heap after
Heap after GC invocations=13 (full 2):
 PSYoungGen      total 263680K, used 17392K [0x00000000d6300000, 0x00000000eae80000, 0x0000000100000000)
  eden space 246272K, 0% used [0x00000000d6300000,0x00000000d6300000,0x00000000e5380000)
  from space 17408K, 99% used [0x00000000e5380000,0x00000000e647c218,0x00000000e6480000)
  to   space 19968K, 0% used [0x00000000e9b00000,0x00000000e9b00000,0x00000000eae80000)
 ParOldGen       total 81408K, used 24886K [0x0000000082800000, 0x0000000087780000, 0x00000000d6300000)
  object space 81408K, 30% used [0x0000000082800000,0x000000008404db40,0x0000000087780000)
 Metaspace       used 55354K, capacity 59041K, committed 59096K, reserved 1099776K
  class space    used 7452K, capacity 8188K, committed 8192K, reserved 1048576K
}
Event: 76.663 GC heap before
{Heap before GC invocations=14 (full 3):
 PSYoungGen      total 263680K, used 17392K [0x00000000d6300000, 0x00000000eae80000, 0x0000000100000000)
  eden space 246272K, 0% used [0x00000000d6300000,0x00000000d6300000,0x00000000e5380000)
  from space 17408K, 99% used [0x00000000e5380000,0x00000000e647c218,0x00000000e6480000)
  to   space 19968K, 0% used [0x00000000e9b00000,0x00000000e9b00000,0x00000000eae80000)
 ParOldGen       total 81408K, used 24886K [0x0000000082800000, 0x0000000087780000, 0x00000000d6300000)
  object space 81408K, 30% used [0x0000000082800000,0x000000008404db40,0x0000000087780000)
 Metaspace       used 55354K, capacity 59041K, committed 59096K, reserved 1099776K
  class space    used 7452K, capacity 8188K, committed 8192K, reserved 1048576K
Event: 76.937 GC heap after
Heap after GC invocations=14 (full 3):
 PSYoungGen      total 263680K, used 0K [0x00000000d6300000, 0x00000000eae80000, 0x0000000100000000)
  eden space 246272K, 0% used [0x00000000d6300000,0x00000000d6300000,0x00000000e5380000)
  from space 17408K, 0% used [0x00000000e5380000,0x00000000e5380000,0x00000000e6480000)
  to   space 19968K, 0% used [0x00000000e9b00000,0x00000000e9b00000,0x00000000eae80000)
 ParOldGen       total 81408K, used 29084K [0x0000000082800000, 0x0000000087780000, 0x00000000d6300000)
  object space 81408K, 35% used [0x0000000082800000,0x0000000084467350,0x0000000087780000)
 Metaspace       used 55332K, capacity 59005K, committed 59096K, reserved 1099776K
  class space    used 7448K, capacity 8182K, committed 8192K, reserved 1048576K
}

